# JRE version: OpenJDK Runtime Environment (15.0.1+9) (build 15.0.1+9-18)
# Java VM: OpenJDK 64-Bit Server VM (15.0.1+9-18, mixed mode, tiered, compressed oops, g1 gc, windows-amd64)
GC Precious Log:
 CPUs: 8 total, 8 available
 Memory: 8071M
 Large Page Support: Disabled
 NUMA Support: Disabled
 Compressed Oops: Enabled (32-bit)
 Heap Region Size: 1M
 Heap Min Capacity: 8M
 Heap Initial Capacity: 128M
 Heap Max Capacity: 2018M
 Pre-touch: Disabled
 Parallel Workers: 8
 Concurrent Workers: 2
 Concurrent Refinement Workers: 8
 Periodic GC: Disabled
Heap:
 garbage-first heap   total 172032K, used 30409K [0x0000000081e00000, 0x0000000100000000)
  region size 1024K, 2 young (2048K), 2 survivors (2048K)
 Metaspace       used 76806K, capacity 77427K, committed 77824K, reserved 1116160K
  class space    used 9891K, capacity 10129K, committed 10240K, reserved 1048576K
GC Heap History (20 events):
Event: 96254.007 GC heap after
{Heap after GC invocations=139783 (full 0):
 garbage-first heap   total 143360K, used 30391K [0x0000000081e00000, 0x0000000100000000)
  region size 1024K, 2 young (2048K), 2 survivors (2048K)
 Metaspace       used 76806K, capacity 77427K, committed 77824K, reserved 1116160K
  class space    used 9891K, capacity 10129K, committed 10240K, reserved 1048576K
}
Event: 96254.076 GC heap before
{Heap before GC invocations=139784 (full 0):
 garbage-first heap   total 143360K, used 41655K [0x0000000081e00000, 0x0000000100000000)
  region size 1024K, 11 young (11264K), 2 survivors (2048K)
 Metaspace       used 76806K, capacity 77427K, committed 77824K, reserved 1116160K
  class space    used 9891K, capacity 10129K, committed 10240K, reserved 1048576K
}
Event: 96254.078 GC heap after
{Heap after GC invocations=139785 (full 0):
 garbage-first heap   total 143360K, used 30389K [0x0000000081e00000, 0x0000000100000000)
  region size 1024K, 2 young (2048K), 2 survivors (2048K)
 Metaspace       used 76806K, capacity 77427K, committed 77824K, reserved 1116160K
  class space    used 9891K, capacity 10129K, committed 10240K, reserved 1048576K
}
Event: 96254.142 GC heap before
{Heap before GC invocations=139786 (full 0):
 garbage-first heap   total 143360K, used 41653K [0x0000000081e00000, 0x0000000100000000)
  region size 1024K, 11 young (11264K), 2 survivors (2048K)
 Metaspace       used 76806K, capacity 77427K, committed 77824K, reserved 1116160K
  class space    used 9891K, capacity 10129K, committed 10240K, reserved 1048576K
}
Event: 96254.144 GC heap after
{Heap after GC invocations=139787 (full 0):
 garbage-first heap   total 172032K, used 30395K [0x0000000081e00000, 0x0000000100000000)
  region size 1024K, 2 young (2048K), 2 survivors (2048K)
 Metaspace       used 76806K, capacity 77427K, committed 77824K, reserved 1116160K
  class space    used 9891K, capacity 10129K, committed 10240K, reserved 1048576K
}
Event: 96254.214 GC heap before
{Heap before GC invocations=139788 (full 0):
 garbage-first heap   total 153600K, used 41659K [0x0000000081e00000, 0x0000000100000000)
  region size 1024K, 11 young (11264K), 2 survivors (2048K)
 Metaspace       used 76806K, capacity 77427K, committed 77824K, reserved 1116160K
  class space    used 9891K, capacity 10129K, committed 10240K, reserved 1048576K
}
Event: 96254.215 GC heap after
{Heap after GC invocations=139789 (full 0):
 garbage-first heap   total 153600K, used 30389K [0x0000000081e00000, 0x0000000100000000)
  region size 1024K, 2 young (2048K), 2 survivors (2048K)
 Metaspace       used 76806K, capacity 77427K, committed 77824K, reserved 1116160K
  class space    used 9891K, capacity 10129K, committed 10240K, reserved 1048576K
}
Event: 96254.292 GC heap before
{Heap before GC invocations=139790 (full 0):
 garbage-first heap   total 153600K, used 44725K [0x0000000081e00000, 0x0000000100000000)
  region size 1024K, 13 young (13312K), 2 survivors (2048K)
 Metaspace       used 76806K, capacity 77427K, committed 77824K, reserved 1116160K
  class space    used 9891K, capacity 10129K, committed 10240K, reserved 1048576K
}
Event: 96254.294 GC heap after
{Heap after GC invocations=139791 (full 0):
 garbage-first heap   total 153600K, used 30395K [0x0000000081e00000, 0x0000000100000000)
  region size 1024K, 2 young (2048K), 2 survivors (2048K)
 Metaspace       used 76806K, capacity 77427K, committed 77824K, reserved 1116160K
  class space    used 9891K, capacity 10129K, committed 10240K, reserved 1048576K
}
Event: 96254.369 GC heap before
{Heap before GC invocations=139792 (full 0):
 garbage-first heap   total 143360K, used 41659K [0x0000000081e00000, 0x0000000100000000)
  region size 1024K, 11 young (11264K), 2 survivors (2048K)
 Metaspace       used 76806K, capacity 77427K, committed 77824K, reserved 1116160K
  class space    used 9891K, capacity 10129K, committed 10240K, reserved 1048576K
}
Event: 96254.371 GC heap after
{Heap after GC invocations=139793 (full 0):
 garbage-first heap   total 143360K, used 30395K [0x0000000081e00000, 0x0000000100000000)
  region size 1024K, 2 young (2048K), 2 survivors (2048K)
 Metaspace       used 76806K, capacity 77427K, committed 77824K, reserved 1116160K
  class space    used 9891K, capacity 10129K, committed 10240K, reserved 1048576K
}
Event: 96254.435 GC heap before
{Heap before GC invocations=139794 (full 0):
 garbage-first heap   total 143360K, used 41659K [0x0000000081e00000, 0x0000000100000000)
  region size 1024K, 11 young (11264K), 2 survivors (2048K)
 Metaspace       used 76806K, capacity 77427K, committed 77824K, reserved 1116160K
  class space    used 9891K, capacity 10129K, committed 10240K, reserved 1048576K
}
Event: 96254.437 GC heap after
{Heap after GC invocations=139795 (full 0):
 garbage-first heap   total 172032K, used 30398K [0x0000000081e00000, 0x0000000100000000)
  region size 1024K, 2 young (2048K), 2 survivors (2048K)
 Metaspace       used 76806K, capacity 77427K, committed 77824K, reserved 1116160K
  class space    used 9891K, capacity 10129K, committed 10240K, reserved 1048576K
}
Event: 96254.513 GC heap before
{Heap before GC invocations=139796 (full 0):
 garbage-first heap   total 157696K, used 41662K [0x0000000081e00000, 0x0000000100000000)
  region size 1024K, 11 young (11264K), 2 survivors (2048K)
 Metaspace       used 76806K, capacity 77427K, committed 77824K, reserved 1116160K
  class space    used 9891K, capacity 10129K, committed 10240K, reserved 1048576K
}
Event: 96254.514 GC heap after
{Heap after GC invocations=139797 (full 0):
 garbage-first heap   total 157696K, used 30392K [0x0000000081e00000, 0x0000000100000000)
  region size 1024K, 2 young (2048K), 2 survivors (2048K)
 Metaspace       used 76806K, capacity 77427K, committed 77824K, reserved 1116160K
  class space    used 9891K, capacity 10129K, committed 10240K, reserved 1048576K
}
Event: 96254.587 GC heap before
{Heap before GC invocations=139798 (full 0):
 garbage-first heap   total 157696K, used 41656K [0x0000000081e00000, 0x0000000100000000)
  region size 1024K, 11 young (11264K), 2 survivors (2048K)
 Metaspace       used 76806K, capacity 77427K, committed 77824K, reserved 1116160K
  class space    used 9891K, capacity 10129K, committed 10240K, reserved 1048576K
}
Event: 96254.589 GC heap after
{Heap after GC invocations=139799 (full 0):
 garbage-first heap   total 157696K, used 30401K [0x0000000081e00000, 0x0000000100000000)
  region size 1024K, 2 young (2048K), 2 survivors (2048K)
 Metaspace       used 76806K, capacity 77427K, committed 77824K, reserved 1116160K
  class space    used 9891K, capacity 10129K, committed 10240K, reserved 1048576K
}
Event: 96254.666 GC heap before
{Heap before GC invocations=139800 (full 0):
 garbage-first heap   total 157696K, used 42689K [0x0000000081e00000, 0x0000000100000000)
  region size 1024K, 12 young (12288K), 2 survivors (2048K)
 Metaspace       used 76806K, capacity 77427K, committed 77824K, reserved 1116160K
  class space    used 9891K, capacity 10129K, committed 10240K, reserved 1048576K
}
Event: 96254.667 GC heap after
{Heap after GC invocations=139801 (full 0):
 garbage-first heap   total 157696K, used 30782K [0x0000000081e00000, 0x0000000100000000)
  region size 1024K, 2 young (2048K), 2 survivors (2048K)
 Metaspace       used 76806K, capacity 77427K, committed 77824K, reserved 1116160K
  class space    used 9891K, capacity 10129K, committed 10240K, reserved 1048576K
}
Event: 96254.729 GC heap before
{Heap before GC invocations=139802 (full 0):
 garbage-first heap   total 153600K, used 43061K [0x0000000081e00000, 0x0000000100000000)
  region size 1024K, 12 young (12288K), 2 survivors (2048K)
 Metaspace       used 76806K, capacity 77427K, committed 77824K, reserved 1116160K
  class space    used 9891K, capacity 10129K, committed 10240K, reserved 1048576K
}

