# JRE version: OpenJDK Runtime Environment (15.0.1+9) (build 15.0.1+9-18)
# Java VM: OpenJDK 64-Bit Server VM (15.0.1+9-18, mixed mode, tiered, compressed oops, g1 gc, windows-amd64)
GC Precious Log:
 CPUs: 8 total, 8 available
 Memory: 8071M
 Large Page Support: Disabled
 NUMA Support: Disabled
 Compressed Oops: Enabled (32-bit)
 Heap Region Size: 1M
 Heap Min Capacity: 8M
 Heap Initial Capacity: 128M
 Heap Max Capacity: 2018M
 Pre-touch: Disabled
 Parallel Workers: 8
 Concurrent Workers: 2
 Concurrent Refinement Workers: 8
 Periodic GC: Disabled
Heap:
 garbage-first heap   total 323584K, used 316603K [0x0000000081e00000, 0x0000000100000000)
  region size 1024K, 190 young (194560K), 2 survivors (2048K)
 Metaspace       used 76947K, capacity 77766K, committed 77824K, reserved 1116160K
  class space    used 9933K, capacity 10190K, committed 10240K, reserved 1048576K
GC Heap History (20 events):
Event: 2037.746 GC heap after
{Heap after GC invocations=439 (full 0):
 garbage-first heap   total 319488K, used 36881K [0x0000000081e00000, 0x0000000100000000)
  region size 1024K, 2 young (2048K), 2 survivors (2048K)
 Metaspace       used 76947K, capacity 77766K, committed 77824K, reserved 1116160K
  class space    used 9933K, capacity 10190K, committed 10240K, reserved 1048576K
}
Event: 2038.202 GC heap before
{Heap before GC invocations=439 (full 0):
 garbage-first heap   total 319488K, used 312337K [0x0000000081e00000, 0x0000000100000000)
  region size 1024K, 187 young (191488K), 2 survivors (2048K)
 Metaspace       used 76947K, capacity 77766K, committed 77824K, reserved 1116160K
  class space    used 9933K, capacity 10190K, committed 10240K, reserved 1048576K
}
Event: 2038.204 GC heap after
{Heap after GC invocations=440 (full 0):
 garbage-first heap   total 319488K, used 38917K [0x0000000081e00000, 0x0000000100000000)
  region size 1024K, 3 young (3072K), 3 survivors (3072K)
 Metaspace       used 76947K, capacity 77766K, committed 77824K, reserved 1116160K
  class space    used 9933K, capacity 10190K, committed 10240K, reserved 1048576K
}
Event: 2038.648 GC heap before
{Heap before GC invocations=440 (full 0):
 garbage-first heap   total 319488K, used 313349K [0x0000000081e00000, 0x0000000100000000)
  region size 1024K, 187 young (191488K), 3 survivors (3072K)
 Metaspace       used 76947K, capacity 77766K, committed 77824K, reserved 1116160K
  class space    used 9933K, capacity 10190K, committed 10240K, reserved 1048576K
}
Event: 2038.651 GC heap after
{Heap after GC invocations=441 (full 0):
 garbage-first heap   total 322560K, used 40602K [0x0000000081e00000, 0x0000000100000000)
  region size 1024K, 5 young (5120K), 5 survivors (5120K)
 Metaspace       used 76947K, capacity 77766K, committed 77824K, reserved 1116160K
  class space    used 9933K, capacity 10190K, committed 10240K, reserved 1048576K
}
Event: 2039.310 GC heap before
{Heap before GC invocations=441 (full 0):
 garbage-first heap   total 322560K, used 314010K [0x0000000081e00000, 0x0000000100000000)
  region size 1024K, 189 young (193536K), 5 survivors (5120K)
 Metaspace       used 76947K, capacity 77766K, committed 77824K, reserved 1116160K
  class space    used 9933K, capacity 10190K, committed 10240K, reserved 1048576K
}
Event: 2039.312 GC heap after
{Heap after GC invocations=442 (full 0):
 garbage-first heap   total 322560K, used 36873K [0x0000000081e00000, 0x0000000100000000)
  region size 1024K, 2 young (2048K), 2 survivors (2048K)
 Metaspace       used 76947K, capacity 77766K, committed 77824K, reserved 1116160K
  class space    used 9933K, capacity 10190K, committed 10240K, reserved 1048576K
}
Event: 2040.024 GC heap before
{Heap before GC invocations=442 (full 0):
 garbage-first heap   total 322560K, used 316425K [0x0000000081e00000, 0x0000000100000000)
  region size 1024K, 189 young (193536K), 2 survivors (2048K)
 Metaspace       used 76947K, capacity 77766K, committed 77824K, reserved 1116160K
  class space    used 9933K, capacity 10190K, committed 10240K, reserved 1048576K
}
Event: 2040.025 GC heap after
{Heap after GC invocations=443 (full 0):
 garbage-first heap   total 322560K, used 36476K [0x0000000081e00000, 0x0000000100000000)
  region size 1024K, 2 young (2048K), 2 survivors (2048K)
 Metaspace       used 76947K, capacity 77766K, committed 77824K, reserved 1116160K
  class space    used 9933K, capacity 10190K, committed 10240K, reserved 1048576K
}
Event: 2040.590 GC heap before
{Heap before GC invocations=443 (full 0):
 garbage-first heap   total 322560K, used 313980K [0x0000000081e00000, 0x0000000100000000)
  region size 1024K, 189 young (193536K), 2 survivors (2048K)
 Metaspace       used 76947K, capacity 77766K, committed 77824K, reserved 1116160K
  class space    used 9933K, capacity 10190K, committed 10240K, reserved 1048576K
}
Event: 2040.592 GC heap after
{Heap after GC invocations=444 (full 0):
 garbage-first heap   total 322560K, used 36867K [0x0000000081e00000, 0x0000000100000000)
  region size 1024K, 2 young (2048K), 2 survivors (2048K)
 Metaspace       used 76947K, capacity 77766K, committed 77824K, reserved 1116160K
  class space    used 9933K, capacity 10190K, committed 10240K, reserved 1048576K
}
Event: 2041.254 GC heap before
{Heap before GC invocations=444 (full 0):
 garbage-first heap   total 322560K, used 315395K [0x0000000081e00000, 0x0000000100000000)
  region size 1024K, 189 young (193536K), 2 survivors (2048K)
 Metaspace       used 76947K, capacity 77766K, committed 77824K, reserved 1116160K
  class space    used 9933K, capacity 10190K, committed 10240K, reserved 1048576K
}
Event: 2041.257 GC heap after
{Heap after GC invocations=445 (full 0):
 garbage-first heap   total 322560K, used 35885K [0x0000000081e00000, 0x0000000100000000)
  region size 1024K, 1 young (1024K), 1 survivors (1024K)
 Metaspace       used 76947K, capacity 77766K, committed 77824K, reserved 1116160K
  class space    used 9933K, capacity 10190K, committed 10240K, reserved 1048576K
}
Event: 2041.709 GC heap before
{Heap before GC invocations=445 (full 0):
 garbage-first heap   total 322560K, used 315437K [0x0000000081e00000, 0x0000000100000000)
  region size 1024K, 189 young (193536K), 1 survivors (1024K)
 Metaspace       used 76947K, capacity 77766K, committed 77824K, reserved 1116160K
  class space    used 9933K, capacity 10190K, committed 10240K, reserved 1048576K
}
Event: 2041.711 GC heap after
{Heap after GC invocations=446 (full 0):
 garbage-first heap   total 322560K, used 36879K [0x0000000081e00000, 0x0000000100000000)
  region size 1024K, 2 young (2048K), 2 survivors (2048K)
 Metaspace       used 76947K, capacity 77766K, committed 77824K, reserved 1116160K
  class space    used 9933K, capacity 10190K, committed 10240K, reserved 1048576K
}
Event: 2042.263 GC heap before
{Heap before GC invocations=446 (full 0):
 garbage-first heap   total 322560K, used 316431K [0x0000000081e00000, 0x0000000100000000)
  region size 1024K, 189 young (193536K), 2 survivors (2048K)
 Metaspace       used 76947K, capacity 77766K, committed 77824K, reserved 1116160K
  class space    used 9933K, capacity 10190K, committed 10240K, reserved 1048576K
}
Event: 2042.265 GC heap after
{Heap after GC invocations=447 (full 0):
 garbage-first heap   total 322560K, used 37512K [0x0000000081e00000, 0x0000000100000000)
  region size 1024K, 2 young (2048K), 2 survivors (2048K)
 Metaspace       used 76947K, capacity 77766K, committed 77824K, reserved 1116160K
  class space    used 9933K, capacity 10190K, committed 10240K, reserved 1048576K
}
Event: 2042.791 GC heap before
{Heap before GC invocations=447 (full 0):
 garbage-first heap   total 322560K, used 316040K [0x0000000081e00000, 0x0000000100000000)
  region size 1024K, 189 young (193536K), 2 survivors (2048K)
 Metaspace       used 76947K, capacity 77766K, committed 77824K, reserved 1116160K
  class space    used 9933K, capacity 10190K, committed 10240K, reserved 1048576K
}
Event: 2042.794 GC heap after
{Heap after GC invocations=448 (full 0):
 garbage-first heap   total 322560K, used 35137K [0x0000000081e00000, 0x0000000100000000)
  region size 1024K, 1 young (1024K), 1 survivors (1024K)
 Metaspace       used 76947K, capacity 77766K, committed 77824K, reserved 1116160K
  class space    used 9933K, capacity 10190K, committed 10240K, reserved 1048576K
}
Event: 2043.600 GC heap before
{Heap before GC invocations=448 (full 0):
 garbage-first heap   total 322560K, used 315713K [0x0000000081e00000, 0x0000000100000000)
  region size 1024K, 189 young (193536K), 1 survivors (1024K)
 Metaspace       used 76947K, capacity 77766K, committed 77824K, reserved 1116160K
  class space    used 9933K, capacity 10190K, committed 10240K, reserved 1048576K
}

